00000000 OPR 2022-04-07 18:20:42.554 13914 13914 "WARNING: Warning: Could not load /opt/HPCCSystems/8.6.14/clienttools/filehooks/libs3file.so: libaws-c-event-stream.so.0unstable: cannot open shared object file: No such file or directory"
00000001 PRG 2022-04-07 18:20:42.554 13914 13914 "File hook library /opt/HPCCSystems/8.6.14/clienttools/filehooks/libs3file.so could not be loaded"
00000002 USR 2022-04-07 18:20:42.567 13914 13914 "WARNING: getECLPluginDefinition not found in /opt/HPCCSystems/8.6.14/clienttools/plugins/libnlp.so, unloading"
00000003 PRG 2022-04-07 18:20:42.568 13914 13914 "Loading plugin /opt/HPCCSystems/8.6.14/clienttools/plugins/libworkunitservices.so[lib_WORKUNITSERVICES] version = WORKUNITSERVICES 1.0.2"
00000004 PRG 2022-04-07 18:20:42.568 13914 13914 "Loading plugin /opt/HPCCSystems/8.6.14/clienttools/plugins/libparselib.so[lib_parselib] version = PARSELIB 1.0.1"
00000005 PRG 2022-04-07 18:20:42.568 13914 13914 "Loading library /opt/HPCCSystems/8.6.14/clienttools/plugins/lib_h3.ecllib"
00000006 PRG 2022-04-07 18:20:42.568 13914 13914 "Loading library /opt/HPCCSystems/8.6.14/clienttools/plugins/kafka.ecllib"
00000007 PRG 2022-04-07 18:20:42.569 13914 13914 "Loading plugin /opt/HPCCSystems/8.6.14/clienttools/plugins/libstringlib.so[lib_stringlib] version = STRINGLIB 1.1.14"
00000008 PRG 2022-04-07 18:20:42.569 13914 13914 "Loading library /opt/HPCCSystems/8.6.14/clienttools/plugins/lib_eclblas.ecllib"
00000009 PRG 2022-04-07 18:20:42.569 13914 13914 "Loading library /opt/HPCCSystems/8.6.14/clienttools/plugins/lib_word.ecllib"
0000000A PRG 2022-04-07 18:20:42.569 13914 13914 "Loading library /opt/HPCCSystems/8.6.14/clienttools/plugins/sqlite3.ecllib"
0000000B PRG 2022-04-07 18:20:42.570 13914 13914 "Loading library /opt/HPCCSystems/8.6.14/clienttools/plugins/R.ecllib"
0000000C PRG 2022-04-07 18:20:42.571 13914 13914 "Loading library /opt/HPCCSystems/8.6.14/clienttools/plugins/lib_thorlib.ecllib"
0000000D PRG 2022-04-07 18:20:42.571 13914 13914 "Loading plugin /opt/HPCCSystems/8.6.14/clienttools/plugins/libunicodelib.so[lib_unicodelib] version = UNICODELIB 1.1.06"
0000000E PRG 2022-04-07 18:20:42.571 13914 13914 "Loading library /opt/HPCCSystems/8.6.14/clienttools/plugins/lib_redis.ecllib"
0000000F PRG 2022-04-07 18:20:42.571 13914 13914 "Loading library /opt/HPCCSystems/8.6.14/clienttools/plugins/sqs.ecllib"
00000010 PRG 2022-04-07 18:20:42.571 13914 13914 "Loading library /opt/HPCCSystems/8.6.14/clienttools/plugins/lib_memcached.ecllib"
00000011 PRG 2022-04-07 18:20:42.571 13914 13914 "Loading library /opt/HPCCSystems/8.6.14/clienttools/plugins/lib_nlp.ecllib"
00000012 PRG 2022-04-07 18:20:42.571 13914 13914 "Loading library /opt/HPCCSystems/8.6.14/clienttools/plugins/lib_fileservices.ecllib"
00000013 PRG 2022-04-07 18:20:42.571 13914 13914 "Loading library /opt/HPCCSystems/8.6.14/clienttools/plugins/java.ecllib"
00000014 PRG 2022-04-07 18:20:42.571 13914 13914 "Loading library /opt/HPCCSystems/8.6.14/clienttools/plugins/lib_metaphone3.ecllib"
00000015 PRG 2022-04-07 18:20:42.571 13914 13914 "Loading library /opt/HPCCSystems/8.6.14/clienttools/plugins/lib_keylib.ecllib"
00000016 PRG 2022-04-07 18:20:42.571 13914 13914 "Loading library /opt/HPCCSystems/8.6.14/clienttools/plugins/lib_saltlib.ecllib"
00000017 PRG 2022-04-07 18:20:42.572 13914 13914 "Loading plugin /opt/HPCCSystems/8.6.14/clienttools/plugins/liblogging.so[lib_logging] version = LOGGING 1.0.1"
00000018 PRG 2022-04-07 18:20:42.572 13914 13914 "Loading library /opt/HPCCSystems/8.6.14/clienttools/plugins/lib_cryptolib.ecllib"
00000019 PRG 2022-04-07 18:20:42.572 13914 13914 "Loading plugin /opt/HPCCSystems/8.6.14/clienttools/plugins/libauditlib.so[lib_auditlib] version = AUDITLIB 1.0.1"
0000001A PRG 2022-04-07 18:20:42.572 13914 13914 "Loading library /opt/HPCCSystems/8.6.14/clienttools/plugins/python3.ecllib"
0000001B PRG 2022-04-07 18:20:42.572 13914 13914 "Loading library /opt/HPCCSystems/8.6.14/clienttools/plugins/couchbase.ecllib"
0000001C PRG 2022-04-07 18:20:42.572 13914 13914 "Loading library /opt/HPCCSystems/8.6.14/clienttools/plugins/javascript.ecllib"
0000001D PRG 2022-04-07 18:20:42.572 13914 13914 "Loading library /opt/HPCCSystems/8.6.14/clienttools/plugins/lib_metaphone.ecllib"
0000001E PRG 2022-04-07 18:20:42.572 13914 13914 "Loading plugin /opt/HPCCSystems/8.6.14/clienttools/plugins/libdebugservices.so[lib_debugservices] version = DEBUGSERVICES 1.0.1"
0000001F PRG 2022-04-07 18:20:42.572 13914 13914 "Loading library /opt/HPCCSystems/8.6.14/clienttools/plugins/mysql.ecllib"
00000020 PRG 2022-04-07 18:20:42.572 13914 13914 "Loading plugin /opt/HPCCSystems/8.6.14/clienttools/plugins/libtimelib.so[lib_timelib] version = TIMELIB 1.0.0"
